warning: use of deprecated enum `python_sidecar::LegacyIpcMessage`: Use crate::ipc_protocol::IpcMessage instead for new code
  --> src/python_sidecar.rs:76:6
   |
76 | impl LegacyIpcMessage {
   |      ^^^^^^^^^^^^^^^^
   |
   = note: `#[warn(deprecated)]` on by default

warning: use of deprecated variant `python_sidecar::LegacyIpcMessage::TranscriptionResult`: Use crate::ipc_protocol::IpcMessage instead for new code
  --> src/python_sidecar.rs:81:31
   |
81 |             LegacyIpcMessage::TranscriptionResult { text, .. } => {
   |                               ^^^^^^^^^^^^^^^^^^^

warning: use of deprecated variant `python_sidecar::LegacyIpcMessage::Error`: Use crate::ipc_protocol::IpcMessage instead for new code
  --> src/python_sidecar.rs:96:31
   |
96 |             LegacyIpcMessage::Error { message } => ProtocolMessage::Error {
   |                               ^^^^^

warning: use of deprecated unit variant `python_sidecar::LegacyIpcMessage::Ready`: Use crate::ipc_protocol::IpcMessage instead for new code
   --> src/python_sidecar.rs:103:31
    |
103 |             LegacyIpcMessage::Ready => {
    |                               ^^^^^

warning: use of deprecated variant `python_sidecar::LegacyIpcMessage::StartProcessing`: Use crate::ipc_protocol::IpcMessage instead for new code
   --> src/python_sidecar.rs:119:31
    |
119 |             LegacyIpcMessage::StartProcessing { audio_data } => {
    |                               ^^^^^^^^^^^^^^^

warning: use of deprecated unit variant `python_sidecar::LegacyIpcMessage::StopProcessing`: Use crate::ipc_protocol::IpcMessage instead for new code
   --> src/python_sidecar.rs:128:31
    |
128 |             LegacyIpcMessage::StopProcessing => {
    |                               ^^^^^^^^^^^^^^

warning: use of deprecated field `python_sidecar::LegacyIpcMessage::TranscriptionResult::text`: Use crate::ipc_protocol::IpcMessage instead for new code
  --> src/python_sidecar.rs:81:53
   |
81 |             LegacyIpcMessage::TranscriptionResult { text, .. } => {
   |                                                     ^^^^

warning: use of deprecated field `python_sidecar::LegacyIpcMessage::Error::message`: Use crate::ipc_protocol::IpcMessage instead for new code
  --> src/python_sidecar.rs:96:39
   |
96 |             LegacyIpcMessage::Error { message } => ProtocolMessage::Error {
   |                                       ^^^^^^^

warning: use of deprecated field `python_sidecar::LegacyIpcMessage::StartProcessing::audio_data`: Use crate::ipc_protocol::IpcMessage instead for new code
   --> src/python_sidecar.rs:119:49
    |
119 |             LegacyIpcMessage::StartProcessing { audio_data } => {
    |                                                 ^^^^^^^^^^

warning: unused import: `AudioDeviceAdapter`
 --> src/commands.rs:7:35
  |
7 | use crate::audio_device_adapter::{AudioDeviceAdapter, AudioDeviceEvent};
  |                                   ^^^^^^^^^^^^^^^^^^
  |
  = note: `#[warn(unused_imports)]` on by default

warning: function `start_ipc_reader_task` is never used
  --> src/commands.rs:27:10
   |
27 | async fn start_ipc_reader_task(
   |          ^^^^^^^^^^^^^^^^^^^^^
   |
   = note: `#[warn(dead_code)]` on by default

warning: `meeting-minutes-automator` (lib) generated 11 warnings
    Finished `dev` profile [unoptimized + debuginfo] target(s) in 0.26s
     Running `src-tauri/target/debug/stt_burn_in --duration-secs 5 --frame-interval-ms 20`
Error: Event stream error before ready: ChannelClosed
